\\VMWARE-HOST\SHARED FOLDERS\DOCUMENTS\VISUAL STUDIO 2012\PROJECTS\CONSOLEAPPLICATION1\CONSOLEAPPLICATION1\DEBUG\CONSOLEAPPLICATION1.PCH
\\VMWARE-HOST\SHARED FOLDERS\DOCUMENTS\VISUAL STUDIO 2012\PROJECTS\CONSOLEAPPLICATION1\CONSOLEAPPLICATION1\DEBUG\STDAFX.OBJ
\\VMWARE-HOST\SHARED FOLDERS\DOCUMENTS\VISUAL STUDIO 2012\PROJECTS\CONSOLEAPPLICATION1\CONSOLEAPPLICATION1\DEBUG\VC110.PDB
\\VMWARE-HOST\SHARED FOLDERS\DOCUMENTS\VISUAL STUDIO 2012\PROJECTS\CONSOLEAPPLICATION1\CONSOLEAPPLICATION1\DEBUG\CONSOLEAPPLICATION1.OBJ
\\VMWARE-HOST\SHARED FOLDERS\DOCUMENTS\VISUAL STUDIO 2012\PROJECTS\CONSOLEAPPLICATION1\DEBUG\CONSOLEAPPLICATION1.PDB
\\vmware-host\Shared Folders\Documents\Visual Studio 2012\Projects\ConsoleApplication1\ConsoleApplication1\Debug\ConsoleApplication1.obj
\\vmware-host\Shared Folders\Documents\Visual Studio 2012\Projects\ConsoleApplication1\ConsoleApplication1\Debug\stdafx.obj
\\vmware-host\Shared Folders\Documents\Visual Studio 2012\Projects\ConsoleApplication1\ConsoleApplication1\Debug\cl.command.1.tlog
\\vmware-host\Shared Folders\Documents\Visual Studio 2012\Projects\ConsoleApplication1\ConsoleApplication1\Debug\CL.read.1.tlog
\\vmware-host\Shared Folders\Documents\Visual Studio 2012\Projects\ConsoleApplication1\ConsoleApplication1\Debug\CL.write.1.tlog
\\vmware-host\Shared Folders\Documents\Visual Studio 2012\Projects\ConsoleApplication1\ConsoleApplication1\Debug\link-cvtres.read.1.tlog
\\vmware-host\Shared Folders\Documents\Visual Studio 2012\Projects\ConsoleApplication1\ConsoleApplication1\Debug\link-cvtres.write.1.tlog
\\vmware-host\Shared Folders\Documents\Visual Studio 2012\Projects\ConsoleApplication1\ConsoleApplication1\Debug\link-rc.read.1.tlog
\\vmware-host\Shared Folders\Documents\Visual Studio 2012\Projects\ConsoleApplication1\ConsoleApplication1\Debug\link-rc.write.1.tlog
\\vmware-host\Shared Folders\Documents\Visual Studio 2012\Projects\ConsoleApplication1\ConsoleApplication1\Debug\link.4612-cvtres.read.1.tlog
\\vmware-host\Shared Folders\Documents\Visual Studio 2012\Projects\ConsoleApplication1\ConsoleApplication1\Debug\link.4612-cvtres.write.1.tlog
\\vmware-host\Shared Folders\Documents\Visual Studio 2012\Projects\ConsoleApplication1\ConsoleApplication1\Debug\link.4612-rc.read.1.tlog
\\vmware-host\Shared Folders\Documents\Visual Studio 2012\Projects\ConsoleApplication1\ConsoleApplication1\Debug\link.4612-rc.write.1.tlog
\\vmware-host\Shared Folders\Documents\Visual Studio 2012\Projects\ConsoleApplication1\ConsoleApplication1\Debug\link.4612.read.1.tlog
\\vmware-host\Shared Folders\Documents\Visual Studio 2012\Projects\ConsoleApplication1\ConsoleApplication1\Debug\link.4612.write.1.tlog
\\vmware-host\Shared Folders\Documents\Visual Studio 2012\Projects\ConsoleApplication1\ConsoleApplication1\Debug\link.4696-cvtres.read.1.tlog
\\vmware-host\Shared Folders\Documents\Visual Studio 2012\Projects\ConsoleApplication1\ConsoleApplication1\Debug\link.4696-cvtres.write.1.tlog
\\vmware-host\Shared Folders\Documents\Visual Studio 2012\Projects\ConsoleApplication1\ConsoleApplication1\Debug\link.4696-rc.read.1.tlog
\\vmware-host\Shared Folders\Documents\Visual Studio 2012\Projects\ConsoleApplication1\ConsoleApplication1\Debug\link.4696-rc.write.1.tlog
\\vmware-host\Shared Folders\Documents\Visual Studio 2012\Projects\ConsoleApplication1\ConsoleApplication1\Debug\link.4696.read.1.tlog
\\vmware-host\Shared Folders\Documents\Visual Studio 2012\Projects\ConsoleApplication1\ConsoleApplication1\Debug\link.4696.write.1.tlog
\\vmware-host\Shared Folders\Documents\Visual Studio 2012\Projects\ConsoleApplication1\ConsoleApplication1\Debug\link.5400-cvtres.read.1.tlog
\\vmware-host\Shared Folders\Documents\Visual Studio 2012\Projects\ConsoleApplication1\ConsoleApplication1\Debug\link.5400-cvtres.write.1.tlog
\\vmware-host\Shared Folders\Documents\Visual Studio 2012\Projects\ConsoleApplication1\ConsoleApplication1\Debug\link.5400-rc.read.1.tlog
\\vmware-host\Shared Folders\Documents\Visual Studio 2012\Projects\ConsoleApplication1\ConsoleApplication1\Debug\link.5400-rc.write.1.tlog
\\vmware-host\Shared Folders\Documents\Visual Studio 2012\Projects\ConsoleApplication1\ConsoleApplication1\Debug\link.5400.read.1.tlog
\\vmware-host\Shared Folders\Documents\Visual Studio 2012\Projects\ConsoleApplication1\ConsoleApplication1\Debug\link.5400.write.1.tlog
\\vmware-host\Shared Folders\Documents\Visual Studio 2012\Projects\ConsoleApplication1\ConsoleApplication1\Debug\link.7036-cvtres.read.1.tlog
\\vmware-host\Shared Folders\Documents\Visual Studio 2012\Projects\ConsoleApplication1\ConsoleApplication1\Debug\link.7036-cvtres.write.1.tlog
\\vmware-host\Shared Folders\Documents\Visual Studio 2012\Projects\ConsoleApplication1\ConsoleApplication1\Debug\link.7036-rc.read.1.tlog
\\vmware-host\Shared Folders\Documents\Visual Studio 2012\Projects\ConsoleApplication1\ConsoleApplication1\Debug\link.7036-rc.write.1.tlog
\\vmware-host\Shared Folders\Documents\Visual Studio 2012\Projects\ConsoleApplication1\ConsoleApplication1\Debug\link.7036.read.1.tlog
\\vmware-host\Shared Folders\Documents\Visual Studio 2012\Projects\ConsoleApplication1\ConsoleApplication1\Debug\link.7036.write.1.tlog
\\vmware-host\Shared Folders\Documents\Visual Studio 2012\Projects\ConsoleApplication1\ConsoleApplication1\Debug\link.7892-cvtres.read.1.tlog
\\vmware-host\Shared Folders\Documents\Visual Studio 2012\Projects\ConsoleApplication1\ConsoleApplication1\Debug\link.7892-cvtres.write.1.tlog
\\vmware-host\Shared Folders\Documents\Visual Studio 2012\Projects\ConsoleApplication1\ConsoleApplication1\Debug\link.7892-rc.read.1.tlog
\\vmware-host\Shared Folders\Documents\Visual Studio 2012\Projects\ConsoleApplication1\ConsoleApplication1\Debug\link.7892-rc.write.1.tlog
\\vmware-host\Shared Folders\Documents\Visual Studio 2012\Projects\ConsoleApplication1\ConsoleApplication1\Debug\link.7892.read.1.tlog
\\vmware-host\Shared Folders\Documents\Visual Studio 2012\Projects\ConsoleApplication1\ConsoleApplication1\Debug\link.7892.write.1.tlog
\\vmware-host\Shared Folders\Documents\Visual Studio 2012\Projects\ConsoleApplication1\ConsoleApplication1\Debug\link.8008-cvtres.read.1.tlog
\\vmware-host\Shared Folders\Documents\Visual Studio 2012\Projects\ConsoleApplication1\ConsoleApplication1\Debug\link.8008-cvtres.write.1.tlog
\\vmware-host\Shared Folders\Documents\Visual Studio 2012\Projects\ConsoleApplication1\ConsoleApplication1\Debug\link.8008-rc.read.1.tlog
\\vmware-host\Shared Folders\Documents\Visual Studio 2012\Projects\ConsoleApplication1\ConsoleApplication1\Debug\link.8008-rc.write.1.tlog
\\vmware-host\Shared Folders\Documents\Visual Studio 2012\Projects\ConsoleApplication1\ConsoleApplication1\Debug\link.8008.read.1.tlog
\\vmware-host\Shared Folders\Documents\Visual Studio 2012\Projects\ConsoleApplication1\ConsoleApplication1\Debug\link.8008.write.1.tlog
\\vmware-host\Shared Folders\Documents\Visual Studio 2012\Projects\ConsoleApplication1\ConsoleApplication1\Debug\link.command.1.tlog
\\vmware-host\Shared Folders\Documents\Visual Studio 2012\Projects\ConsoleApplication1\ConsoleApplication1\Debug\link.read.1.tlog
\\vmware-host\Shared Folders\Documents\Visual Studio 2012\Projects\ConsoleApplication1\ConsoleApplication1\Debug\link.write.1.tlog
\\vmware-host\Shared Folders\Documents\Visual Studio 2012\Projects\ConsoleApplication1\ConsoleApplication1\Debug\ConsoleApplication1.pch
\\vmware-host\Shared Folders\Documents\Visual Studio 2012\Projects\ConsoleApplication1\ConsoleApplication1\Debug\vc110.idb
\\vmware-host\Shared Folders\Documents\Visual Studio 2012\Projects\ConsoleApplication1\ConsoleApplication1\Debug\vc110.pdb
\\vmware-host\Shared Folders\Documents\Visual Studio 2012\Projects\ConsoleApplication1\Debug\ConsoleApplication1.pdb
\\vmware-host\Shared Folders\Documents\Visual Studio 2012\Projects\ConsoleApplication1\Debug\ConsoleApplication1.exe
\\vmware-host\Shared Folders\Documents\Visual Studio 2012\Projects\ConsoleApplication1\Debug\ConsoleApplication1.ilk
